Error creating action: asd on main.Main
uchicago.src.codegen.GeneratorException: main.Main.asd()
java.lang.NoSuchMethodException: main.Main.asd()
	at uchicago.src.sim.util.ByteCodeBuilder.getMethod(Unknown Source)
	at uchicago.src.sim.util.ByteCodeBuilder.getMethod(Unknown Source)
	at uchicago.src.sim.util.ByteCodeBuilder.generateBasicAction(Unknown Source)
	at uchicago.src.sim.engine.ActionUtilities.createActionFor(Unknown Source)
	at uchicago.src.sim.engine.ScheduleBase.scheduleActionBeginning(Unknown Source)
	at uchicago.src.sim.engine.ScheduleBase.scheduleActionBeginning(Unknown Source)
	at main.Main.buildSchedule(Main.java:74)
	at main.Main.begin(Main.java:69)
	at uchicago.src.sim.engine.BaseController.beginModel(Unknown Source)
	at uchicago.src.sim.engine.AbstractGUIController.beginModel(Unknown Source)
	at uchicago.src.sim.engine.Controller.beginModel(Unknown Source)
	at uchicago.src.sim.engine.BaseController.startSim(Unknown Source)
	at uchicago.src.sim.engine.Controller.startSim(Unknown Source)
	at uchicago.src.sim.engine.Controller$2.actionPerformed(Unknown Source)
	at javax.swing.AbstractButton.fireActionPerformed(Unknown Source)
	at javax.swing.AbstractButton$Handler.actionPerformed(Unknown Source)
	at javax.swing.DefaultButtonModel.fireActionPerformed(Unknown Source)
	at javax.swing.DefaultButtonModel.setPressed(Unknown Source)
	at javax.swing.plaf.basic.BasicButtonListener.mouseReleased(Unknown Source)
	at java.awt.AWTEventMulticaster.mouseReleased(Unknown Source)
	at java.awt.Component.processMouseEvent(Unknown Source)
	at javax.swing.JComponent.processMouseEvent(Unknown Source)
	at java.awt.Component.processEvent(Unknown Source)
	at java.awt.Container.processEvent(Unknown Source)
	at java.awt.Component.dispatchEventImpl(Unknown Source)
	at java.awt.Container.dispatchEventImpl(Unknown Source)
	at java.awt.Component.dispatchEvent(Unknown Source)
	at java.awt.LightweightDispatcher.retargetMouseEvent(Unknown Source)
	at java.awt.LightweightDispatcher.processMouseEvent(Unknown Source)
	at java.awt.LightweightDispatcher.dispatchEvent(Unknown Source)
	at java.awt.Container.dispatchEventImpl(Unknown Source)
	at java.awt.Window.dispatchEventImpl(Unknown Source)
	at java.awt.Component.dispatchEvent(Unknown Source)
	at java.awt.EventQueue.dispatchEventImpl(Unknown Source)
	at java.awt.EventQueue.access$500(Unknown Source)
	at java.awt.EventQueue$3.run(Unknown Source)
	at java.awt.EventQueue$3.run(Unknown Source)
	at java.security.AccessController.doPrivileged(Native Method)
	at java.security.ProtectionDomain$JavaSecurityAccessImpl.doIntersectionPrivilege(Unknown Source)
	at java.security.ProtectionDomain$JavaSecurityAccessImpl.doIntersectionPrivilege(Unknown Source)
	at java.awt.EventQueue$4.run(Unknown Source)
	at java.awt.EventQueue$4.run(Unknown Source)
	at java.security.AccessController.doPrivileged(Native Method)
	at java.security.ProtectionDomain$JavaSecurityAccessImpl.doIntersectionPrivilege(Unknown Source)
	at java.awt.EventQueue.dispatchEvent(Unknown Source)
	at java.awt.EventDispatchThread.pumpOneEventForFilters(Unknown Source)
	at java.awt.EventDispatchThread.pumpEventsForFilter(Unknown Source)
	at java.awt.EventDispatchThread.pumpEventsForHierarchy(Unknown Source)
	at java.awt.EventDispatchThread.pumpEvents(Unknown Source)
	at java.awt.EventDispatchThread.pumpEvents(Unknown Source)
	at java.awt.EventDispatchThread.run(Unknown Source)
